<?xml version="1.0" encoding="UTF-8"?>
<!-- Generated by org.testng.reporters.JUnitReportReporter -->
<testsuite hostname="DESKTOP-0U2HKRT" failures="0" tests="1" name="Com.Ecommerce.TestCases.login_test" time="110.123" errors="0" timestamp="2023-01-16T15:18:23 IST" skipped="0">
  <testcase classname="Com.Ecommerce.TestCases.login_test" name="test" time="110.123"/>
  <system-out/>
</testsuite> <!-- Com.Ecommerce.TestCases.login_test -->
